
*** Running vivado
    with args -log multiplexeur.vds -m64 -product Vivado -mode batch -messageDb vivado.pb -notrace -source multiplexeur.tcl


Commande ECHO d‚sactiv‚e.
Commande ECHO d‚sactiv‚e.

****** Vivado v2023.2 (64-bit)
  **** SW Build 4029153 on Fri Oct 13 20:14:34 MDT 2023
  **** IP Build 4028589 on Sat Oct 14 00:45:43 MDT 2023
  **** SharedData Build 4025554 on Tue Oct 10 17:18:54 MDT 2023
    ** Copyright 1986-2022 Xilinx, Inc. All Rights Reserved.
    ** Copyright 2022-2023 Advanced Micro Devices, Inc. All Rights Reserved.

source multiplexeur.tcl -notrace
create_project: Time (s): cpu = 00:00:08 ; elapsed = 00:00:10 . Memory (MB): peak = 510.836 ; gain = 217.543
Command: read_checkpoint -auto_incremental -incremental {C:/Users/glenn/OneDrive/Bureau/Dossier Glen/2A/Semestre 2/VHDL/Multiplexeur/Multiplexeur.srcs/utils_1/imports/synth_1/tp2_top.dcp}
INFO: [Vivado 12-5825] Read reference checkpoint from C:/Users/glenn/OneDrive/Bureau/Dossier Glen/2A/Semestre 2/VHDL/Multiplexeur/Multiplexeur.srcs/utils_1/imports/synth_1/tp2_top.dcp for incremental synthesis
INFO: [Vivado 12-7989] Please ensure there are no constraint changes
Command: synth_design -top multiplexeur -part xc7a35tcpg236-1
Starting synth_design
Attempting to get a license for feature 'Synthesis' and/or device 'xc7a35t'
INFO: [Common 17-349] Got license for feature 'Synthesis' and/or device 'xc7a35t'
INFO: [Device 21-403] Loading part xc7a35tcpg236-1
INFO: [Synth 8-7079] Multithreading enabled for synth_design using a maximum of 2 processes.
INFO: [Synth 8-7078] Launching helper process for spawning children vivado processes
INFO: [Synth 8-7075] Helper process launched with PID 20292
---------------------------------------------------------------------------------
Starting RTL Elaboration : Time (s): cpu = 00:00:05 ; elapsed = 00:00:07 . Memory (MB): peak = 1341.609 ; gain = 437.648
---------------------------------------------------------------------------------
INFO: [Synth 8-638] synthesizing module 'multiplexeur' [C:/Users/glenn/OneDrive/Bureau/Dossier Glen/2A/Semestre 2/VHDL/Multiplexeur/Multiplexeur.srcs/sources_1/new/tp2_top.vhd:9]
INFO: [Synth 8-256] done synthesizing module 'multiplexeur' (0#1) [C:/Users/glenn/OneDrive/Bureau/Dossier Glen/2A/Semestre 2/VHDL/Multiplexeur/Multiplexeur.srcs/sources_1/new/tp2_top.vhd:9]
WARNING: [Synth 8-7129] Port sw_i[4] in module multiplexeur is either unconnected or has no load
WARNING: [Synth 8-7129] Port sw_i[3] in module multiplexeur is either unconnected or has no load
WARNING: [Synth 8-7129] Port sw_i[2] in module multiplexeur is either unconnected or has no load
WARNING: [Synth 8-7129] Port sw_i[1] in module multiplexeur is either unconnected or has no load
WARNING: [Synth 8-7129] Port sw_i[0] in module multiplexeur is either unconnected or has no load
---------------------------------------------------------------------------------
Finished RTL Elaboration : Time (s): cpu = 00:00:07 ; elapsed = 00:00:09 . Memory (MB): peak = 1448.312 ; gain = 544.352
---------------------------------------------------------------------------------
---------------------------------------------------------------------------------
Start Handling Custom Attributes
---------------------------------------------------------------------------------
---------------------------------------------------------------------------------
Finished Handling Custom Attributes : Time (s): cpu = 00:00:07 ; elapsed = 00:00:09 . Memory (MB): peak = 1448.312 ; gain = 544.352
---------------------------------------------------------------------------------
---------------------------------------------------------------------------------
Finished RTL Optimization Phase 1 : Time (s): cpu = 00:00:07 ; elapsed = 00:00:09 . Memory (MB): peak = 1448.312 ; gain = 544.352
---------------------------------------------------------------------------------
Netlist sorting complete. Time (s): cpu = 00:00:00 ; elapsed = 00:00:00.001 . Memory (MB): peak = 1448.312 ; gain = 0.000
INFO: [Project 1-570] Preparing netlist for logic optimization

Processing XDC Constraints
Initializing timing engine
Parsing XDC File [C:/Users/glenn/OneDrive/Bureau/Dossier Glen/2A/Semestre 2/VHDL/basys3.xdc]
Finished Parsing XDC File [C:/Users/glenn/OneDrive/Bureau/Dossier Glen/2A/Semestre 2/VHDL/basys3.xdc]
INFO: [Project 1-236] Implementation specific constraints were found while reading constraint file [C:/Users/glenn/OneDrive/Bureau/Dossier Glen/2A/Semestre 2/VHDL/basys3.xdc]. These constraints will be ignored for synthesis but will be used in implementation. Impacted constraints are listed in the file [.Xil/multiplexeur_propImpl.xdc].
Resolution: To avoid this warning, move constraints listed in [.Xil/multiplexeur_propImpl.xdc] to another XDC file and exclude this new file from synthesis with the used_in_synthesis property (File Properties dialog in GUI) and re-run elaboration/synthesis.
Completed Processing XDC Constraints

Netlist sorting complete. Time (s): cpu = 00:00:00 ; elapsed = 00:00:00 . Memory (MB): peak = 1460.891 ; gain = 0.000
INFO: [Project 1-111] Unisim Transformation Summary:
No Unisim elements were transformed.

AccŠs refus‚.
Constraint Validation Runtime : Time (s): cpu = 00:00:00 ; elapsed = 00:00:00.002 . Memory (MB): peak = 1460.891 ; gain = 0.000
---------------------------------------------------------------------------------
Finished Constraint Validation : Time (s): cpu = 00:00:14 ; elapsed = 00:00:18 . Memory (MB): peak = 1460.891 ; gain = 556.930
---------------------------------------------------------------------------------
---------------------------------------------------------------------------------
Start Loading Part and Timing Information
---------------------------------------------------------------------------------
Loading part: xc7a35tcpg236-1
---------------------------------------------------------------------------------
Finished Loading Part and Timing Information : Time (s): cpu = 00:00:14 ; elapsed = 00:00:18 . Memory (MB): peak = 1460.891 ; gain = 556.930
---------------------------------------------------------------------------------
---------------------------------------------------------------------------------
Start Applying 'set_property' XDC Constraints
---------------------------------------------------------------------------------
---------------------------------------------------------------------------------
Finished applying 'set_property' XDC Constraints : Time (s): cpu = 00:00:14 ; elapsed = 00:00:18 . Memory (MB): peak = 1460.891 ; gain = 556.930
---------------------------------------------------------------------------------
---------------------------------------------------------------------------------
Start Preparing Guide Design
---------------------------------------------------------------------------------
CRITICAL WARNING: [Synth 8-6895] The reference checkpoint C:/Users/glenn/OneDrive/Bureau/Dossier Glen/2A/Semestre 2/VHDL/Multiplexeur/Multiplexeur.srcs/utils_1/imports/synth_1/tp2_top.dcp is not suitable for use with incremental synthesis for this design. Please regenerate the checkpoint for this design with -incremental_synth switch in the same Vivado session that synth_design has been run. Synthesis will continue with the default flow
---------------------------------------------------------------------------------
Finished Doing Graph Differ : Time (s): cpu = 00:00:14 ; elapsed = 00:00:18 . Memory (MB): peak = 1460.891 ; gain = 556.930
---------------------------------------------------------------------------------
---------------------------------------------------------------------------------
Finished Preparing Guide Design : Time (s): cpu = 00:00:14 ; elapsed = 00:00:18 . Memory (MB): peak = 1460.891 ; gain = 556.930
---------------------------------------------------------------------------------
---------------------------------------------------------------------------------
Finished RTL Optimization Phase 2 : Time (s): cpu = 00:00:14 ; elapsed = 00:00:19 . Memory (MB): peak = 1460.891 ; gain = 556.930
---------------------------------------------------------------------------------


Incremental Synthesis Report Summary:

1. Incremental synthesis run: no

   Reason for not running incremental synthesis : 


INFO: [Synth 8-7130] Flow is switching to default flow due to incremental criteria not met. If you would like to alter this behaviour and have the flow terminate instead, please set the following parameter config_implementation {autoIncr.Synth.RejectBehavior Terminate}
---------------------------------------------------------------------------------
Start RTL Component Statistics 
---------------------------------------------------------------------------------
Detailed RTL Component Info : 
+---Muxes : 
	   2 Input    5 Bit        Muxes := 1     
---------------------------------------------------------------------------------
Finished RTL Component Statistics 
---------------------------------------------------------------------------------
---------------------------------------------------------------------------------
Start Part Resource Summary
---------------------------------------------------------------------------------
Part Resources:
DSPs: 90 (col length:60)
BRAMs: 100 (col length: RAMB18 60 RAMB36 30)
---------------------------------------------------------------------------------
Finished Part Resource Summary
---------------------------------------------------------------------------------
---------------------------------------------------------------------------------
Start Cross Boundary and Area Optimization
---------------------------------------------------------------------------------
WARNING: [Synth 8-7080] Parallel synthesis criteria is not met
---------------------------------------------------------------------------------
Finished Cross Boundary and Area Optimization : Time (s): cpu = 00:00:16 ; elapsed = 00:00:21 . Memory (MB): peak = 1460.891 ; gain = 556.930
---------------------------------------------------------------------------------
---------------------------------------------------------------------------------
Start Applying XDC Timing Constraints
---------------------------------------------------------------------------------
---------------------------------------------------------------------------------
Finished Applying XDC Timing Constraints : Time (s): cpu = 00:00:21 ; elapsed = 00:00:27 . Memory (MB): peak = 1460.891 ; gain = 556.930
---------------------------------------------------------------------------------
---------------------------------------------------------------------------------
Start Timing Optimization
---------------------------------------------------------------------------------
---------------------------------------------------------------------------------
Finished Timing Optimization : Time (s): cpu = 00:00:21 ; elapsed = 00:00:27 . Memory (MB): peak = 1460.891 ; gain = 556.930
---------------------------------------------------------------------------------
---------------------------------------------------------------------------------
Start Technology Mapping
---------------------------------------------------------------------------------
---------------------------------------------------------------------------------
Finished Technology Mapping : Time (s): cpu = 00:00:21 ; elapsed = 00:00:27 . Memory (MB): peak = 1460.891 ; gain = 556.930
---------------------------------------------------------------------------------
---------------------------------------------------------------------------------
Start IO Insertion
---------------------------------------------------------------------------------
---------------------------------------------------------------------------------
Start Flattening Before IO Insertion
---------------------------------------------------------------------------------
---------------------------------------------------------------------------------
Finished Flattening Before IO Insertion
---------------------------------------------------------------------------------
---------------------------------------------------------------------------------
Start Final Netlist Cleanup
---------------------------------------------------------------------------------
---------------------------------------------------------------------------------
Finished Final Netlist Cleanup
---------------------------------------------------------------------------------
---------------------------------------------------------------------------------
Finished IO Insertion : Time (s): cpu = 00:00:26 ; elapsed = 00:00:32 . Memory (MB): peak = 1468.117 ; gain = 564.156
---------------------------------------------------------------------------------
---------------------------------------------------------------------------------
Start Renaming Generated Instances
---------------------------------------------------------------------------------
---------------------------------------------------------------------------------
Finished Renaming Generated Instances : Time (s): cpu = 00:00:26 ; elapsed = 00:00:32 . Memory (MB): peak = 1468.117 ; gain = 564.156
---------------------------------------------------------------------------------
---------------------------------------------------------------------------------
Start Rebuilding User Hierarchy
---------------------------------------------------------------------------------
---------------------------------------------------------------------------------
Finished Rebuilding User Hierarchy : Time (s): cpu = 00:00:26 ; elapsed = 00:00:32 . Memory (MB): peak = 1468.117 ; gain = 564.156
---------------------------------------------------------------------------------
---------------------------------------------------------------------------------
Start Renaming Generated Ports
---------------------------------------------------------------------------------
---------------------------------------------------------------------------------
Finished Renaming Generated Ports : Time (s): cpu = 00:00:26 ; elapsed = 00:00:32 . Memory (MB): peak = 1468.117 ; gain = 564.156
---------------------------------------------------------------------------------
---------------------------------------------------------------------------------
Start Handling Custom Attributes
---------------------------------------------------------------------------------
---------------------------------------------------------------------------------
Finished Handling Custom Attributes : Time (s): cpu = 00:00:26 ; elapsed = 00:00:32 . Memory (MB): peak = 1468.117 ; gain = 564.156
---------------------------------------------------------------------------------
---------------------------------------------------------------------------------
Start Renaming Generated Nets
---------------------------------------------------------------------------------
---------------------------------------------------------------------------------
Finished Renaming Generated Nets : Time (s): cpu = 00:00:26 ; elapsed = 00:00:32 . Memory (MB): peak = 1468.117 ; gain = 564.156
---------------------------------------------------------------------------------
---------------------------------------------------------------------------------
Start Writing Synthesis Report
---------------------------------------------------------------------------------

Report BlackBoxes: 
+-+--------------+----------+
| |BlackBox name |Instances |
+-+--------------+----------+
+-+--------------+----------+

Report Cell Usage: 
+------+-----+------+
|      |Cell |Count |
+------+-----+------+
|1     |LUT3 |     5|
|2     |IBUF |    11|
|3     |OBUF |    16|
+------+-----+------+
---------------------------------------------------------------------------------
Finished Writing Synthesis Report : Time (s): cpu = 00:00:26 ; elapsed = 00:00:32 . Memory (MB): peak = 1468.117 ; gain = 564.156
---------------------------------------------------------------------------------
Synthesis finished with 0 errors, 1 critical warnings and 1 warnings.
Synthesis Optimization Runtime : Time (s): cpu = 00:00:18 ; elapsed = 00:00:30 . Memory (MB): peak = 1468.117 ; gain = 551.578
Synthesis Optimization Complete : Time (s): cpu = 00:00:26 ; elapsed = 00:00:32 . Memory (MB): peak = 1468.117 ; gain = 564.156
INFO: [Project 1-571] Translating synthesized netlist
Netlist sorting complete. Time (s): cpu = 00:00:00 ; elapsed = 00:00:00 . Memory (MB): peak = 1480.211 ; gain = 0.000
INFO: [Project 1-570] Preparing netlist for logic optimization
INFO: [Opt 31-138] Pushed 0 inverter(s) to 0 load pin(s).
Netlist sorting complete. Time (s): cpu = 00:00:00 ; elapsed = 00:00:00 . Memory (MB): peak = 1483.859 ; gain = 0.000
INFO: [Project 1-111] Unisim Transformation Summary:
No Unisim elements were transformed.

AccŠs refus‚.
Synth Design complete | Checksum: 95dab85c
INFO: [Common 17-83] Releasing license: Synthesis
18 Infos, 6 Warnings, 1 Critical Warnings and 0 Errors encountered.
synth_design completed successfully
synth_design: Time (s): cpu = 00:00:30 ; elapsed = 00:00:38 . Memory (MB): peak = 1483.859 ; gain = 969.055
INFO: [runtcl-6] Synthesis results are not added to the cache due to CRITICAL_WARNING
Write ShapeDB Complete: Time (s): cpu = 00:00:00 ; elapsed = 00:00:00.001 . Memory (MB): peak = 1483.859 ; gain = 0.000
INFO: [Common 17-1381] The checkpoint 'C:/Users/glenn/OneDrive/Bureau/Dossier Glen/2A/Semestre 2/VHDL/Multiplexeur/Multiplexeur.runs/synth_1/multiplexeur.dcp' has been generated.
INFO: [runtcl-4] Executing : report_utilization -file multiplexeur_utilization_synth.rpt -pb multiplexeur_utilization_synth.pb
INFO: [Common 17-206] Exiting Vivado at Tue Apr 23 16:26:11 2024...
